=== START ===
get_profile.PROFILE_NAMESPACE:	 .data1.sensors_namespace
get_profile.NS_BRUT:	 ".'coretemp-isa-0000'.'Core 0'.temp2_input"
get_profile.VALUE:	 ."coretemp-isa-0000"."Core 0".temp2_input
get_cache_sensor.SENSOR_NAMESPACE:	 54
get_cache_sensor.VALUE:	 54
===	Sensor end	===
get_profile.PROFILE_NAMESPACE:	 .data1.sensors_namespace
get_profile.NS_BRUT:	 ".'coretemp-isa-0000'.'Core 0'.temp2_input"
get_profile.VALUE:	 ."coretemp-isa-0000"."Core 0".temp2_input
get_cache_sensor.SENSOR_NAMESPACE:	 54
get_cache_sensor.VALUE:	 54
===	Sensor end	===
get_profile.PROFILE_NAMESPACE:	 .data1.sensors_namespace
get_profile.NS_BRUT:	 ".'coretemp-isa-0000'.'Core 0'.temp2_input"
get_profile.VALUE:	 ."coretemp-isa-0000"."Core 0".temp2_input
get_cache_sensor.SENSOR_NAMESPACE:	 55
get_cache_sensor.VALUE:	 55
===	Sensor end	===
get_profile.PROFILE_NAMESPACE:	 .data1.sensors_namespace
get_profile.NS_BRUT:	 ".'coretemp-isa-0000'.'Core 0'.temp2_input"
get_profile.VALUE:	 ."coretemp-isa-0000"."Core 0".temp2_input
get_cache_sensor.SENSOR_NAMESPACE:	 55
get_cache_sensor.VALUE:	 55
===	Sensor end	===
get_profile.PROFILE_NAMESPACE:	 .data1.sensors_namespace
get_profile.NS_BRUT:	 ".'coretemp-isa-0000'.'Core 0'.temp2_input"
get_profile.VALUE:	 ."coretemp-isa-0000"."Core 0".temp2_input
get_cache_sensor.SENSOR_NAMESPACE:	 54
get_cache_sensor.VALUE:	 54
===	Sensor end	===
get_profile.PROFILE_NAMESPACE:	 .data1.sensors_namespace
get_profile.NS_BRUT:	 ".'coretemp-isa-0000'.'Core 0'.temp2_input"
get_profile.VALUE:	 ."coretemp-isa-0000"."Core 0".temp2_input
get_cache_sensor.SENSOR_NAMESPACE:	 54
get_cache_sensor.VALUE:	 54
===	Sensor end	===
get_profile.PROFILE_NAMESPACE:	 .data1.sensors_namespace
get_profile.NS_BRUT:	 ".'coretemp-isa-0000'.'Core 0'.temp2_input"
get_profile.VALUE:	 ."coretemp-isa-0000"."Core 0".temp2_input
get_cache_sensor.SENSOR_NAMESPACE:	 54
get_cache_sensor.VALUE:	 54
===	Sensor end	===
get_profile.PROFILE_NAMESPACE:	 .data1.sensors_namespace
get_profile.NS_BRUT:	 ".'coretemp-isa-0000'.'Core 0'.temp2_input"
get_profile.VALUE:	 ."coretemp-isa-0000"."Core 0".temp2_input
get_cache_sensor.SENSOR_NAMESPACE:	 54
get_cache_sensor.VALUE:	 54
===	Sensor end	===
get_profile.PROFILE_NAMESPACE:	 .data1.sensors_namespace
get_profile.NS_BRUT:	 ".'coretemp-isa-0000'.'Core 0'.temp2_input"
get_profile.VALUE:	 ."coretemp-isa-0000"."Core 0".temp2_input
get_cache_sensor.SENSOR_NAMESPACE:	 54
get_cache_sensor.VALUE:	 54
===	Sensor end	===
get_profile.PROFILE_NAMESPACE:	 .data1.sensors_namespace
get_profile.NS_BRUT:	 ".'coretemp-isa-0000'.'Core 0'.temp2_input"
get_profile.VALUE:	 ."coretemp-isa-0000"."Core 0".temp2_input
get_cache_sensor.SENSOR_NAMESPACE:	 54
get_cache_sensor.VALUE:	 54
===	Sensor end	===
get_profile.PROFILE_NAMESPACE:	 .data1.sensors_namespace
get_profile.NS_BRUT:	 ".'coretemp-isa-0000'.'Core 0'.temp2_input"
get_profile.VALUE:	 ."coretemp-isa-0000"."Core 0".temp2_input
get_cache_sensor.SENSOR_NAMESPACE:	 54
get_cache_sensor.VALUE:	 54
===	Sensor end	===
get_profile.PROFILE_NAMESPACE:	 .data1.sensors_namespace
get_profile.NS_BRUT:	 ".'coretemp-isa-0000'.'Core 0'.temp2_input"
get_profile.VALUE:	 ."coretemp-isa-0000"."Core 0".temp2_input
get_cache_sensor.SENSOR_NAMESPACE:	 55
get_cache_sensor.VALUE:	 55
===	Sensor end	===
get_profile.PROFILE_NAMESPACE:	 .data1.sensors_namespace
get_profile.NS_BRUT:	 ".'coretemp-isa-0000'.'Core 0'.temp2_input"
get_profile.VALUE:	 ."coretemp-isa-0000"."Core 0".temp2_input
get_cache_sensor.SENSOR_NAMESPACE:	 54
get_cache_sensor.VALUE:	 54
===	Sensor end	===
get_profile.PROFILE_NAMESPACE:	 .data1.sensors_namespace
get_profile.NS_BRUT:	 ".'coretemp-isa-0000'.'Core 0'.temp2_input"
get_profile.VALUE:	 ."coretemp-isa-0000"."Core 0".temp2_input
get_cache_sensor.SENSOR_NAMESPACE:	 54
get_cache_sensor.VALUE:	 54
===	Sensor end	===
get_profile.PROFILE_NAMESPACE:	 .data1.sensors_namespace
get_profile.NS_BRUT:	 ".'coretemp-isa-0000'.'Core 0'.temp2_input"
get_profile.VALUE:	 ."coretemp-isa-0000"."Core 0".temp2_input
get_cache_sensor.SENSOR_NAMESPACE:	 54
get_cache_sensor.VALUE:	 54
===	Sensor end	===
get_profile.PROFILE_NAMESPACE:	 .data1.sensors_namespace
get_profile.NS_BRUT:	 ".'coretemp-isa-0000'.'Core 0'.temp2_input"
get_profile.VALUE:	 ."coretemp-isa-0000"."Core 0".temp2_input
get_cache_sensor.SENSOR_NAMESPACE:	 55
get_cache_sensor.VALUE:	 55
===	Sensor end	===
get_profile.PROFILE_NAMESPACE:	 .data1.sensors_namespace
get_profile.NS_BRUT:	 ".'coretemp-isa-0000'.'Core 0'.temp2_input"
get_profile.VALUE:	 ."coretemp-isa-0000"."Core 0".temp2_input
get_cache_sensor.SENSOR_NAMESPACE:	 55
get_cache_sensor.VALUE:	 55
===	Sensor end	===
get_profile.PROFILE_NAMESPACE:	 .data1.sensors_namespace
get_profile.NS_BRUT:	 ".'coretemp-isa-0000'.'Core 0'.temp2_input"
get_profile.VALUE:	 ."coretemp-isa-0000"."Core 0".temp2_input
get_cache_sensor.SENSOR_NAMESPACE:	 54
get_cache_sensor.VALUE:	 54
===	Sensor end	===
get_profile.PROFILE_NAMESPACE:	 .data1.sensors_namespace
get_profile.NS_BRUT:	 ".'coretemp-isa-0000'.'Core 0'.temp2_input"
get_profile.VALUE:	 ."coretemp-isa-0000"."Core 0".temp2_input
get_cache_sensor.SENSOR_NAMESPACE:	 54
get_cache_sensor.VALUE:	 54
===	Sensor end	===
get_profile.PROFILE_NAMESPACE:	 .data1.sensors_namespace
get_profile.NS_BRUT:	 ".'coretemp-isa-0000'.'Core 0'.temp2_input"
get_profile.VALUE:	 ."coretemp-isa-0000"."Core 0".temp2_input
get_cache_sensor.SENSOR_NAMESPACE:	 54
get_cache_sensor.VALUE:	 54
===	Sensor end	===
get_profile.PROFILE_NAMESPACE:	 .data1.sensors_namespace
get_profile.NS_BRUT:	 ".'coretemp-isa-0000'.'Core 0'.temp2_input"
get_profile.VALUE:	 ."coretemp-isa-0000"."Core 0".temp2_input
get_cache_sensor.SENSOR_NAMESPACE:	 54
get_cache_sensor.VALUE:	 54
===	Sensor end	===
